TN:
SF:src/app.controller.ts
FN:6,(anonymous_2)
FN:9,(anonymous_3)
FNF:2
FNH:2
FNDA:1,(anonymous_2)
FNDA:1,(anonymous_3)
DA:1,1
DA:2,1
DA:5,1
DA:6,1
DA:8,1
DA:10,1
LF:6
LH:6
BRF:0
BRH:0
end_of_record
TN:
SF:src/app.module.ts
FNF:0
FNH:0
DA:1,0
DA:2,0
DA:3,0
DA:4,0
DA:5,0
DA:12,0
LF:6
LH:0
BRF:0
BRH:0
end_of_record
TN:
SF:src/app.service.ts
FN:5,(anonymous_1)
FNF:1
FNH:1
FNDA:1,(anonymous_1)
DA:1,1
DA:4,1
DA:6,1
LF:3
LH:3
BRF:0
BRH:0
end_of_record
TN:
SF:src/main.ts
FN:4,bootstrap
FNF:1
FNH:0
FNDA:0,bootstrap
DA:1,0
DA:2,0
DA:5,0
DA:6,0
DA:8,0
LF:5
LH:0
BRF:0
BRH:0
end_of_record
TN:
SF:src/auth/auth.controller.ts
FN:8,(anonymous_4)
FN:11,(anonymous_5)
FN:30,(anonymous_6)
FNF:3
FNH:1
FNDA:1,(anonymous_4)
FNDA:0,(anonymous_5)
FNDA:0,(anonymous_6)
DA:1,1
DA:2,1
DA:3,1
DA:4,1
DA:7,1
DA:8,1
DA:11,1
DA:12,0
DA:13,0
DA:14,0
DA:15,0
DA:21,0
DA:22,0
DA:30,1
DA:31,0
DA:32,0
DA:33,0
DA:34,0
DA:40,0
DA:41,0
LF:20
LH:8
BRDA:14,0,0,0
BRDA:33,1,0,0
BRF:2
BRH:0
end_of_record
TN:
SF:src/auth/auth.service.ts
FN:7,(anonymous_1)
FN:28,(anonymous_2)
FN:17,(anonymous_3)
FN:37,(anonymous_4)
FN:42,(anonymous_5)
FN:50,(anonymous_6)
FN:51,(anonymous_7)
FN:58,(anonymous_8)
FN:71,(anonymous_9)
FN:75,(anonymous_10)
FNF:10
FNH:9
FNDA:7,(anonymous_1)
FNDA:4,(anonymous_2)
FNDA:5,(anonymous_3)
FNDA:4,(anonymous_4)
FNDA:3,(anonymous_5)
FNDA:2,(anonymous_6)
FNDA:2,(anonymous_7)
FNDA:5,(anonymous_8)
FNDA:2,(anonymous_9)
FNDA:0,(anonymous_10)
DA:1,2
DA:3,2
DA:4,2
DA:7,2
DA:8,7
DA:18,5
DA:19,1
DA:22,4
DA:23,4
DA:24,4
DA:28,7
DA:29,4
DA:38,4
DA:39,1
DA:42,3
DA:43,1
DA:46,2
DA:51,2
DA:52,1
DA:55,1
DA:59,5
DA:60,4
DA:61,2
DA:63,1
DA:64,1
DA:71,2
DA:76,0
LF:27
LH:26
BRDA:18,0,0,1
BRDA:38,1,0,1
BRDA:42,2,0,1
BRDA:51,3,0,1
BRDA:63,4,0,1
BRDA:63,5,0,1
BRDA:63,5,1,1
BRF:7
BRH:7
end_of_record
TN:
SF:src/auth/createUser.dto.ts
FNF:0
FNH:0
DA:1,1
LF:1
LH:1
BRF:0
BRH:0
end_of_record
